android/app/build/intermediates/manifest_merge_blame_file/release/manifest-merger-blame-release-report.txt
1<?xml version="1.0" encoding="utf-8"?>
2<manifest xmlns:android="http://schemas.android.com/apk/res/android"
3    package="com.flyingwolf"
4    android:versionCode="1"
5    android:versionName="1.0" >
6
7    <uses-sdk
8        android:minSdkVersion="16"
8-->src/main/AndroidManifest.xml
9        android:targetSdkVersion="29" />
9-->src/main/AndroidManifest.xml
10
11    <uses-permission android:name="android.permission.INTERNET" />
11-->src/main/AndroidManifest.xml:4:5-67
11-->src/main/AndroidManifest.xml:4:22-64
12    <uses-permission android:name="android.permission.ACCESS_NETWORK_STATE" />
12-->[:react-native-community_netinfo] AndroidManifest.xml:9:5-79
12-->[:react-native-community_netinfo] AndroidManifest.xml:9:22-76
13    <uses-permission android:name="android.permission.ACCESS_WIFI_STATE" />
13-->[:react-native-community_netinfo] AndroidManifest.xml:10:5-76
13-->[:react-native-community_netinfo] AndroidManifest.xml:10:22-73
14
15    <application
15-->src/main/AndroidManifest.xml:6:5-27:19
16        android:name="com.flyingwolf.MainApplication"
16-->src/main/AndroidManifest.xml:8:7-38
17        android:allowBackup="false"
17-->src/main/AndroidManifest.xml:12:7-34
18        android:appComponentFactory="androidx.core.app.CoreComponentFactory"
18-->[androidx.core:core:1.5.0-alpha02] AndroidManifest.xml:24:18-86
19        android:icon="@mipmap/ic_launcher"
19-->src/main/AndroidManifest.xml:10:7-41
20        android:label="@string/app_name"
20-->src/main/AndroidManifest.xml:9:7-39
21        android:roundIcon="@mipmap/ic_launcher_round"
21-->src/main/AndroidManifest.xml:11:7-52
22        android:theme="@style/AppTheme"
22-->src/main/AndroidManifest.xml:13:7-38
23        android:usesCleartextTraffic="true" >
23-->src/main/AndroidManifest.xml:7:9-44
24        <activity
24-->src/main/AndroidManifest.xml:14:7-25:18
25            android:name="com.flyingwolf.MainActivity"
25-->src/main/AndroidManifest.xml:15:9-37
26            android:configChanges="keyboard|keyboardHidden|orientation|screenSize|uiMode"
26-->src/main/AndroidManifest.xml:17:9-86
27            android:label="@string/app_name"
27-->src/main/AndroidManifest.xml:16:9-41
28            android:launchMode="singleTask"
28-->src/main/AndroidManifest.xml:18:9-40
29            android:screenOrientation="portrait"
29-->src/main/AndroidManifest.xml:19:11-47
30            android:windowSoftInputMode="adjustResize" >
30-->src/main/AndroidManifest.xml:20:9-51
31            <intent-filter>
31-->src/main/AndroidManifest.xml:21:9-24:25
32                <action android:name="android.intent.action.MAIN" />
32-->src/main/AndroidManifest.xml:22:13-65
32-->src/main/AndroidManifest.xml:22:21-62
33
34                <category android:name="android.intent.category.LAUNCHER" />
34-->src/main/AndroidManifest.xml:23:13-73
34-->src/main/AndroidManifest.xml:23:23-70
35            </intent-filter>
36        </activity>
37        <activity android:name="com.facebook.react.devsupport.DevSettingsActivity" />
37-->src/main/AndroidManifest.xml:26:7-84
37-->src/main/AndroidManifest.xml:26:17-81
38    </application>
39
40</manifest>